<?xml version="1.0" encoding="UTF-8"?>
<testng-results ignored="0" total="1" passed="1" failed="0" skipped="0">
  <reporter-output>
  </reporter-output>
  <suite started-at="2024-08-01T15:26:11 CEST" name="Surefire suite" finished-at="2024-08-01T15:26:11 CEST" duration-ms="26">
    <groups>
    </groups>
    <test started-at="2024-08-01T15:26:11 CEST" name="Surefire test" finished-at="2024-08-01T15:26:11 CEST" duration-ms="26">
      <class name="com.hb.BookTest">
        <test-method signature="testGetAge()[pri:0, instance:com.hb.BookTest@16f7c8c1]" started-at="2024-08-01T15:26:11 CEST" name="testGetAge" finished-at="2024-08-01T15:26:11 CEST" duration-ms="12" status="PASS">
          <reporter-output>
          </reporter-output>
        </test-method> <!-- testGetAge -->
      </class> <!-- com.hb.BookTest -->
    </test> <!-- Surefire test -->
  </suite> <!-- Surefire suite -->
</testng-results>
