<?xml version="1.0" encoding="UTF-8"?>
<testsuite xmlns:xsi="http://www.w3.org/2001/XMLSchema-instance" xsi:noNamespaceSchemaLocation="https://maven.apache.org/surefire/maven-surefire-plugin/xsd/surefire-test-report.xsd" name="TestSuite" time="0.205" tests="2" errors="0" skipped="0" failures="0">
  <properties>
[...]
</properties>
  <testcase name="testGetAge" classname="com.hb.BookTest" time="0.013"/>
  <testcase name="shouldAnswerWithTrue on shouldAnswerWithTrue(com.hb.AppTest)" classname="com.hb.AppTest" time="0"/>
</testsuite>